<?xml version="1.0" encoding="UTF-8"?>
<testsuite xmlns:xsi="http://www.w3.org/2001/XMLSchema-instance" xsi:schemaLocation="https://maven.apache.org/surefire/maven-surefire-plugin/xsd/surefire-test-report.xsd" name="com.mulesoft.training.HelloMavenTest" time="14.491" tests="2" errors="0" skipped="0" failures="1">
  <properties>
    <property name="java.runtime.name" value="OpenJDK Runtime Environment"/>
    <property name="sun.boot.library.path" value="C:\Program Files\ojdkbuild\java-1.8.0-openjdk-1.8.0.181-1\jre\bin"/>
    <property name="java.vm.version" value="25.181-b13"/>
    <property name="java.vm.vendor" value="Oracle Corporation"/>
    <property name="maven.multiModuleProjectDirectory" value="C:\Users\dgummadi\AnypointStudios\workspace\jenkins-demo-m3"/>
    <property name="java.vendor.url" value="http://java.oracle.com/"/>
    <property name="path.separator" value=";"/>
    <property name="guice.disable.misplaced.annotation.check" value="true"/>
    <property name="java.vm.name" value="OpenJDK 64-Bit Server VM"/>
    <property name="file.encoding.pkg" value="sun.io"/>
    <property name="user.script" value=""/>
    <property name="user.country" value="US"/>
    <property name="sun.java.launcher" value="SUN_STANDARD"/>
    <property name="sun.os.patch.level" value=""/>
    <property name="java.vm.specification.name" value="Java Virtual Machine Specification"/>
    <property name="user.dir" value="C:\Users\dgummadi\AnypointStudios\workspace\jenkins-demo-m3"/>
    <property name="java.runtime.version" value="1.8.0_181-1-ojdkbuild-b13"/>
    <property name="java.awt.graphicsenv" value="sun.awt.Win32GraphicsEnvironment"/>
    <property name="java.endorsed.dirs" value="C:\Program Files\ojdkbuild\java-1.8.0-openjdk-1.8.0.181-1\jre\lib\endorsed"/>
    <property name="os.arch" value="amd64"/>
    <property name="java.io.tmpdir" value="C:\Users\dgummadi\AppData\Local\Temp\"/>
    <property name="line.separator" value="&#10;"/>
    <property name="java.vm.specification.vendor" value="Oracle Corporation"/>
    <property name="user.variant" value=""/>
    <property name="os.name" value="Windows 8.1"/>
    <property name="classworlds.conf" value="C:\apache-maven-3.6.0-bin\apache-maven-3.6.0\bin\..\bin\m2.conf"/>
    <property name="sun.jnu.encoding" value="Cp1252"/>
    <property name="java.library.path" value="C:\Program Files\ojdkbuild\java-1.8.0-openjdk-1.8.0.181-1\bin;C:\Windows\Sun\Java\bin;C:\Windows\system32;C:\Windows;C:\Program Files\ojdkbuild\java-1.8.0-openjdk-1.8.0.181-1\bin;C:\apache-maven-3.6.0-bin\apache-maven-3.6.0\bin;C:\Program Files (x86)\Common Files\Oracle\Java\javapath;C:\Windows\system32;C:\Windows;C:\Windows\System32\Wbem;C:\Windows\System32\WindowsPowerShell\v1.0\;C:\Program Files\Git\cmd;C:\Program Files\TortoiseGit\bin;C:\Program Files\TortoiseSVN\bin;C:\Program Files (x86)\Microsoft SQL Server\Client SDK\ODBC\130\Tools\Binn\;C:\Program Files (x86)\Microsoft SQL Server\140\Tools\Binn\;C:\Program Files (x86)\Microsoft SQL Server\140\DTS\Binn\;C:\Program Files (x86)\Microsoft SQL Server\140\Tools\Binn\ManagementStudio\;."/>
    <property name="maven.conf" value="C:\apache-maven-3.6.0-bin\apache-maven-3.6.0\bin\../conf"/>
    <property name="java.specification.name" value="Java Platform API Specification"/>
    <property name="java.class.version" value="52.0"/>
    <property name="sun.management.compiler" value="HotSpot 64-Bit Tiered Compilers"/>
    <property name="os.version" value="6.3"/>
    <property name="library.jansi.path" value="C:\apache-maven-3.6.0-bin\apache-maven-3.6.0\bin\..\lib\jansi-native"/>
    <property name="user.home" value="C:\Users\dgummadi"/>
    <property name="user.timezone" value="Asia/Calcutta"/>
    <property name="java.awt.printerjob" value="sun.awt.windows.WPrinterJob"/>
    <property name="java.specification.version" value="1.8"/>
    <property name="file.encoding" value="Cp1252"/>
    <property name="user.name" value="dgummadi"/>
    <property name="java.class.path" value="C:\apache-maven-3.6.0-bin\apache-maven-3.6.0\bin\..\boot\plexus-classworlds-2.5.2.jar"/>
    <property name="java.vm.specification.version" value="1.8"/>
    <property name="sun.arch.data.model" value="64"/>
    <property name="java.home" value="C:\Program Files\ojdkbuild\java-1.8.0-openjdk-1.8.0.181-1\jre"/>
    <property name="sun.java.command" value="org.codehaus.plexus.classworlds.launcher.Launcher clean package"/>
    <property name="java.specification.vendor" value="Oracle Corporation"/>
    <property name="user.language" value="en"/>
    <property name="awt.toolkit" value="sun.awt.windows.WToolkit"/>
    <property name="java.vm.info" value="mixed mode"/>
    <property name="java.version" value="1.8.0_181-1-ojdkbuild"/>
    <property name="java.ext.dirs" value="C:\Program Files\ojdkbuild\java-1.8.0-openjdk-1.8.0.181-1\jre\lib\ext;C:\Windows\Sun\Java\lib\ext"/>
    <property name="sun.boot.class.path" value="C:\Program Files\ojdkbuild\java-1.8.0-openjdk-1.8.0.181-1\jre\lib\resources.jar;C:\Program Files\ojdkbuild\java-1.8.0-openjdk-1.8.0.181-1\jre\lib\rt.jar;C:\Program Files\ojdkbuild\java-1.8.0-openjdk-1.8.0.181-1\jre\lib\sunrsasign.jar;C:\Program Files\ojdkbuild\java-1.8.0-openjdk-1.8.0.181-1\jre\lib\jsse.jar;C:\Program Files\ojdkbuild\java-1.8.0-openjdk-1.8.0.181-1\jre\lib\jce.jar;C:\Program Files\ojdkbuild\java-1.8.0-openjdk-1.8.0.181-1\jre\lib\charsets.jar;C:\Program Files\ojdkbuild\java-1.8.0-openjdk-1.8.0.181-1\jre\lib\jfr.jar;C:\Program Files\ojdkbuild\java-1.8.0-openjdk-1.8.0.181-1\jre\classes"/>
    <property name="sun.stderr.encoding" value="cp437"/>
    <property name="java.vendor" value="Oracle Corporation"/>
    <property name="maven.home" value="C:\apache-maven-3.6.0-bin\apache-maven-3.6.0\bin\.."/>
    <property name="file.separator" value="\"/>
    <property name="java.vendor.url.bug" value="http://bugreport.sun.com/bugreport/"/>
    <property name="sun.cpu.endian" value="little"/>
    <property name="sun.io.unicode.encoding" value="UnicodeLittle"/>
    <property name="sun.stdout.encoding" value="cp437"/>
    <property name="sun.desktop" value="windows"/>
    <property name="sun.cpu.isalist" value="amd64"/>
  </properties>
  <testcase name="mavenFlowReturnsHelloMaven" classname="com.mulesoft.training.HelloMavenTest" time="8.021"/>
  <testcase name="retrieveFlightsAddsAppropriateHeader" classname="com.mulesoft.training.HelloMavenTest" time="5.241">
    <failure message="expected:&lt;application/json&gt; but was:&lt;null&gt;" type="java.lang.AssertionError"><![CDATA[java.lang.AssertionError: expected:<application/json> but was:<null>
	at com.mulesoft.training.HelloMavenTest.retrieveFlightsAddsAppropriateHeader(HelloMavenTest.java:19)
]]></failure>
    <system-out><![CDATA[
================================================================================
= Testing: retrieveFlightsAddsAppropriateHeader                                =
================================================================================
INFO  2020-02-18 11:56:34,231 [Time-limited test] org.mule.tck.junit4.AbstractMuleContextTestCase: Using working directory for test: C:\Users\dgummadi\AppData\Local\Temp\junit3860353502177033624
INFO  2020-02-18 11:56:34,256 [Time-limited test] org.mule.lifecycle.AbstractLifecycleManager: Initialising RegistryBroker
INFO  2020-02-18 11:56:34,267 [Time-limited test] org.mule.config.spring.MuleArtifactContext: Refreshing org.mule.config.spring.MuleArtifactContext@1546dc2d: startup date [Tue Feb 18 11:56:34 IST 2020]; root of context hierarchy
INFO  2020-02-18 11:56:34,823 [Time-limited test] org.mule.config.spring.processors.NoDevkitInjectorProcessor: JSR-330 'javax.inject.Inject' annotation found and supported for autowiring
INFO  2020-02-18 11:56:35,164 [Time-limited test] org.mule.util.journal.TransactionJournal: Using files for tx logs C:\Users\dgummadi\AppData\Local\Temp\junit3860353502177033624\queue-tx-log\tx1.log and C:\Users\dgummadi\AppData\Local\Temp\junit3860353502177033624\queue-tx-log\tx2.log
INFO  2020-02-18 11:56:35,167 [Time-limited test] org.mule.util.journal.TransactionJournal: Using files for tx logs C:\Users\dgummadi\AppData\Local\Temp\junit3860353502177033624\queue-xa-tx-log\tx1.log and C:\Users\dgummadi\AppData\Local\Temp\junit3860353502177033624\queue-xa-tx-log\tx2.log
INFO  2020-02-18 11:56:35,171 [Time-limited test] org.mule.lifecycle.AbstractLifecycleManager: Initialising model: _muleSystemModel
INFO  2020-02-18 11:56:35,174 [Time-limited test] org.mule.construct.FlowConstructLifecycleManager: Initialising flow: mavenFlow
INFO  2020-02-18 11:56:35,174 [Time-limited test] org.mule.exception.DefaultMessagingExceptionStrategy: Initialising exception listener: org.mule.exception.DefaultMessagingExceptionStrategy@f8b6d67
INFO  2020-02-18 11:56:35,177 [Time-limited test] org.mule.processor.SedaStageLifecycleManager: Initialising service: mavenFlow.stage1
INFO  2020-02-18 11:56:35,192 [Time-limited test] org.mule.construct.FlowConstructLifecycleManager: Initialising flow: retrieveFlightsFlow
INFO  2020-02-18 11:56:35,193 [Time-limited test] org.mule.exception.DefaultMessagingExceptionStrategy: Initialising exception listener: org.mule.exception.DefaultMessagingExceptionStrategy@13462b42
INFO  2020-02-18 11:56:35,205 [Time-limited test] org.mule.processor.SedaStageLifecycleManager: Initialising service: retrieveFlightsFlow.stage1
INFO  2020-02-18 11:56:35,217 [Time-limited test] org.mule.config.spring.SpringXmlConfigurationBuilder: Configured Mule using "org.mule.config.spring.SpringXmlConfigurationBuilder" with configuration resource(s): "[ConfigResource{resourceName='jenkins-demo-m3.xml'}]"
INFO  2020-02-18 11:56:35,218 [Time-limited test] org.mule.util.queue.QueueXaResourceManager: Starting ResourceManager
INFO  2020-02-18 11:56:35,218 [Time-limited test] org.mule.util.queue.QueueXaResourceManager: Started ResourceManager
INFO  2020-02-18 11:56:35,238 [Time-limited test] org.mule.module.http.internal.listener.DefaultHttpListenerConfig: Listening for requests on http://0.0.0.0:8081
INFO  2020-02-18 11:56:35,240 [Time-limited test] org.mule.lifecycle.AbstractLifecycleManager: Starting model: _muleSystemModel
INFO  2020-02-18 11:56:35,241 [Time-limited test] org.mule.construct.FlowConstructLifecycleManager: Starting flow: mavenFlow
INFO  2020-02-18 11:56:35,241 [Time-limited test] org.mule.processor.SedaStageLifecycleManager: Starting service: mavenFlow.stage1
INFO  2020-02-18 11:56:35,280 [Time-limited test] org.mule.construct.FlowConstructLifecycleManager: Starting flow: retrieveFlightsFlow
INFO  2020-02-18 11:56:35,280 [Time-limited test] org.mule.processor.SedaStageLifecycleManager: Starting service: retrieveFlightsFlow.stage1
INFO  2020-02-18 11:56:35,298 [Time-limited test] org.mule.DefaultMuleContext: 
**********************************************************************
* Mule Runtime and Integration Platform                              *
* Version: 3.9.2 Build: b4965121                                     *
* MuleSoft, Inc.                                                     *
* For more information go to http://www.mulesoft.org                 *
*                                                                    *
* Server started: 2/18/20 11:56 AM                                   *
* Server ID: 9bf28870-5217-11ea-91f1-34e6d722bf5c                    *
* JDK: 1.8.0_181-1-ojdkbuild (mixed mode)                            *
* OS encoding: Cp1252, Mule encoding: UTF-8                          *
* OS: Windows 8.1 -  (6.3, amd64)                                    *
* Host: WWLT146-DGUMMADI (192.168.10.188)                            *
*                                                                    *
* Agents Running: None                                               *
**********************************************************************
WARN  2020-02-18 11:56:35,300 [Time-limited test] org.mule.model.seda.SedaModel: The <model> element is deprecated in Mule 3.4 and will be removed in Mule 4.0.  Flows do not need to be configured inside a <model> element. 
INFO  2020-02-18 11:56:35,300 [Time-limited test] org.mule.lifecycle.AbstractLifecycleManager: Initialising model: main
INFO  2020-02-18 11:56:35,300 [Time-limited test] org.mule.lifecycle.AbstractLifecycleManager: Starting model: main
WARN  2020-02-18 11:56:35,301 [Time-limited test] org.mule.model.seda.SedaService: Services (SedaService or any custom implementation) are deprecated in Mule 3.4 and will be removed in Mule 4.0. 
INFO  2020-02-18 11:56:35,301 [Time-limited test] org.mule.service.ServiceLifecycleManager: Initialising service: appleService
INFO  2020-02-18 11:56:35,304 [Time-limited test] org.mule.exception.DefaultMessagingExceptionStrategy: Initialising exception listener: org.mule.exception.DefaultMessagingExceptionStrategy@19080ecb
INFO  2020-02-18 11:56:35,304 [Time-limited test] org.mule.component.ComponentLifecycleManager: Initialising component: component.1671007703
INFO  2020-02-18 11:56:35,304 [Time-limited test] org.mule.processor.SedaStageLifecycleManager: Initialising service: appleService
INFO  2020-02-18 11:56:35,304 [Time-limited test] org.mule.service.ServiceLifecycleManager: Starting service: appleService
INFO  2020-02-18 11:56:35,304 [Time-limited test] org.mule.component.ComponentLifecycleManager: Starting component: component.1671007703
INFO  2020-02-18 11:56:35,305 [Time-limited test] org.mule.processor.SedaStageLifecycleManager: Starting service: appleService
INFO  2020-02-18 11:56:35,312 [Time-limited test] org.mule.lifecycle.AbstractLifecycleManager: Initialising connector: testConnector
INFO  2020-02-18 11:56:35,328 [Time-limited test] org.mule.tck.testmodels.mule.TestConnector: Connected: TestConnector
{
  name=testConnector
  lifecycle=initialise
  this=15d0c7a3
  numberOfConcurrentTransactedReceivers=4
  createMultipleTransactedReceivers=true
  connected=true
  supportedProtocols=[test]
  serviceOverrides=<none>
}

INFO  2020-02-18 11:56:35,328 [Time-limited test] org.mule.tck.testmodels.mule.TestConnector: Starting: TestConnector
{
  name=testConnector
  lifecycle=initialise
  this=15d0c7a3
  numberOfConcurrentTransactedReceivers=4
  createMultipleTransactedReceivers=true
  connected=true
  supportedProtocols=[test]
  serviceOverrides=<none>
}

INFO  2020-02-18 11:56:35,328 [Time-limited test] org.mule.lifecycle.AbstractLifecycleManager: Starting connector: testConnector
INFO  2020-02-18 11:56:40,075 [Time-limited test] org.mule.api.processor.LoggerMessageProcessor: 
org.mule.DefaultMuleMessage
{
  id=9c9a6131-5217-11ea-91f1-34e6d722bf5c
  payload=java.lang.String
  correlationId=<not set>
  correlationGroup=-1
  correlationSeq=-1
  encoding=UTF-8
  exceptionPayload=<not set>

Message properties:
  INVOCATION scoped properties:
  INBOUND scoped properties:
  OUTBOUND scoped properties:
  SESSION scoped properties:
}
INFO  2020-02-18 11:56:40,079 [Time-limited test] org.mule.construct.FlowConstructLifecycleManager: Stopping flow: mavenFlow
INFO  2020-02-18 11:56:40,079 [Time-limited test] org.mule.processor.SedaStageLifecycleManager: Stopping service: mavenFlow.stage1
INFO  2020-02-18 11:56:40,177 [Time-limited test] org.mule.construct.FlowConstructLifecycleManager: Stopping flow: retrieveFlightsFlow
INFO  2020-02-18 11:56:40,178 [Time-limited test] org.mule.processor.SedaStageLifecycleManager: Stopping service: retrieveFlightsFlow.stage1
INFO  2020-02-18 11:56:40,380 [Time-limited test] org.mule.service.ServiceLifecycleManager: Stopping service: appleService
INFO  2020-02-18 11:56:40,380 [Time-limited test] org.mule.processor.SedaStageLifecycleManager: Stopping service: appleService
INFO  2020-02-18 11:56:40,412 [Time-limited test] org.mule.component.ComponentLifecycleManager: Stopping component: component.1671007703
INFO  2020-02-18 11:56:40,416 [Time-limited test] org.mule.lifecycle.AbstractLifecycleManager: Stopping model: _muleSystemModel
INFO  2020-02-18 11:56:40,423 [Time-limited test] org.mule.module.http.internal.listener.DefaultHttpListenerConfig: Stopped listener on http://0.0.0.0:8081
INFO  2020-02-18 11:56:40,426 [Time-limited test] org.mule.util.queue.QueueXaResourceManager: Stopping ResourceManager
INFO  2020-02-18 11:56:40,426 [Time-limited test] org.mule.util.queue.QueueXaResourceManager: Stopped ResourceManager
INFO  2020-02-18 11:56:40,431 [Time-limited test] org.mule.lifecycle.AbstractLifecycleManager: Disposing RegistryBroker
INFO  2020-02-18 11:56:40,433 [Time-limited test] org.mule.construct.FlowConstructLifecycleManager: Disposing flow: mavenFlow
INFO  2020-02-18 11:56:40,433 [Time-limited test] org.mule.processor.SedaStageLifecycleManager: Disposing service: mavenFlow.stage1
INFO  2020-02-18 11:56:40,433 [Time-limited test] org.mule.construct.FlowConstructLifecycleManager: Disposing flow: retrieveFlightsFlow
INFO  2020-02-18 11:56:40,433 [Time-limited test] org.mule.processor.SedaStageLifecycleManager: Disposing service: retrieveFlightsFlow.stage1
INFO  2020-02-18 11:56:40,433 [Time-limited test] org.mule.service.ServiceLifecycleManager: Disposing service: appleService
INFO  2020-02-18 11:56:40,434 [Time-limited test] org.mule.component.ComponentLifecycleManager: Disposing component: component.1671007703
INFO  2020-02-18 11:56:40,434 [Time-limited test] org.mule.processor.SedaStageLifecycleManager: Disposing service: appleService
INFO  2020-02-18 11:56:40,437 [Time-limited test] org.mule.lifecycle.AbstractLifecycleManager: Disposing model: _muleSystemModel
INFO  2020-02-18 11:56:40,477 [Time-limited test] org.mule.config.spring.MuleArtifactContext: Closing org.mule.config.spring.MuleArtifactContext@1546dc2d: startup date [Tue Feb 18 11:56:34 IST 2020]; root of context hierarchy
INFO  2020-02-18 11:56:40,492 [Time-limited test] org.mule.DefaultMuleContext: 
**********************************************************************
* Mule Context shut down normally on: 2/18/20 11:56 AM               *
* Server was up for: 0 days, 0 hours, 0 mins, 5.273 sec              *
**********************************************************************
]]></system-out>
    <system-err><![CDATA[Loading class `com.mysql.jdbc.Driver'. This is deprecated. The new driver class is `com.mysql.cj.jdbc.Driver'. The driver is automatically registered via the SPI and manual loading of the driver class is generally unnecessary.
]]></system-err>
  </testcase>
</testsuite>